<?xml version="1.0" encoding="UTF-8"?>
<!-- Generated by org.testng.reporters.JUnitXMLReporter -->
<testsuite ignored="0" hostname="ENS-Haneef-ullah" failures="1" tests="1" name="TC_4_handle_HybridApplication" time="37.72" errors="0" timestamp="2024-02-26T09:11:26 PKT">
  <testcase classname="RunthroughTesNGXML.TC_4_handle_HybridApplication" name="tc1" time="25.547">
    <failure type="io.appium.java_client.NoSuchContextException" message="An unknown server-side error occurred while processing the command. Original error: Trying to use a chromedriver binary at the path ‪C:\Users\Haneef-ullah\eclipse-workspace\Appium_project\ChromeDriver\chromedriver.exe, but it doesn&amp;apos;t exist!
Build info: version: &amp;apos;4.18.1&amp;apos;, revision: &amp;apos;b1d3319b48&amp;apos;
System info: os.name: &amp;apos;Windows 10&amp;apos;, os.arch: &amp;apos;amd64&amp;apos;, os.version: &amp;apos;10.0&amp;apos;, java.version: &amp;apos;17.0.10&amp;apos;
Driver info: io.appium.java_client.android.AndroidDriver
Command: [7a4a5a2c-cf89-4a11-bbda-f9dec3387b8c, switchToContext {name=WEBVIEW_com.androidsample.generalstore}]
Capabilities {appium:app: C:\Users\Haneef-ullah\eclip..., appium:appPackage: com.androidsample.generalstore, appium:automationName: UIAutomator2, appium:chromedriverExecutable: ‪C:\Users\Haneef-ullah\ecli..., appium:databaseEnabled: false, appium:desired: {app: C:\Users\Haneef-ullah\eclip..., automationName: UIAutomator2, chromedriverExecutable: ‪C:\Users\Haneef-ullah\ecli..., deviceName: emulator-5554, platformName: ANDROID}, appium:deviceApiLevel: 25, appium:deviceManufacturer: OPPO, appium:deviceModel: CPH2023, appium:deviceName: , appium:deviceScreenDensity: 240, appium:deviceScreenSize: 1600x900, appium:deviceUDID: emulator-5554, appium:javascriptEnabled: true, appium:locationContextEnabled: false, appium:networkConnectionEnabled: true, appium:pixelRatio: 1.5, appium:platformVersion: 7.1.2, appium:statBarHeight: 36, appium:takesScreenshot: true, appium:viewportRect: {height: 864, left: 0, top: 36, width: 1600}, appium:warnings: {}, appium:webStorageEnabled: false, platformName: ANDROID}
Session ID: 7a4a5a2c-cf89-4a11-bbda-f9dec3387b8c">
      <![CDATA[io.appium.java_client.NoSuchContextException: An unknown server-side error occurred while processing the command. Original error: Trying to use a chromedriver binary at the path ‪C:\Users\Haneef-ullah\eclipse-workspace\Appium_project\ChromeDriver\chromedriver.exe, but it doesn't exist!
Build info: version: '4.18.1', revision: 'b1d3319b48'
System info: os.name: 'Windows 10', os.arch: 'amd64', os.version: '10.0', java.version: '17.0.10'
Driver info: io.appium.java_client.android.AndroidDriver
Command: [7a4a5a2c-cf89-4a11-bbda-f9dec3387b8c, switchToContext {name=WEBVIEW_com.androidsample.generalstore}]
Capabilities {appium:app: C:\Users\Haneef-ullah\eclip..., appium:appPackage: com.androidsample.generalstore, appium:automationName: UIAutomator2, appium:chromedriverExecutable: ‪C:\Users\Haneef-ullah\ecli..., appium:databaseEnabled: false, appium:desired: {app: C:\Users\Haneef-ullah\eclip..., automationName: UIAutomator2, chromedriverExecutable: ‪C:\Users\Haneef-ullah\ecli..., deviceName: emulator-5554, platformName: ANDROID}, appium:deviceApiLevel: 25, appium:deviceManufacturer: OPPO, appium:deviceModel: CPH2023, appium:deviceName: , appium:deviceScreenDensity: 240, appium:deviceScreenSize: 1600x900, appium:deviceUDID: emulator-5554, appium:javascriptEnabled: true, appium:locationContextEnabled: false, appium:networkConnectionEnabled: true, appium:pixelRatio: 1.5, appium:platformVersion: 7.1.2, appium:statBarHeight: 36, appium:takesScreenshot: true, appium:viewportRect: {height: 864, left: 0, top: 36, width: 1600}, appium:warnings: {}, appium:webStorageEnabled: false, platformName: ANDROID}
Session ID: 7a4a5a2c-cf89-4a11-bbda-f9dec3387b8c
at io.appium.java_client.remote.SupportsContextSwitching.context(SupportsContextSwitching.java:48)
at RunthroughTesNGXML.TC_4_handle_HybridApplication.tc1(TC_4_handle_HybridApplication.java:77)
at java.base/java.util.ArrayList.forEach(ArrayList.java:1511)
Caused by: org.openqa.selenium.WebDriverException: An unknown server-side error occurred while processing the command. Original error: Trying to use a chromedriver binary at the path ‪C:\Users\Haneef-ullah\eclipse-workspace\Appium_project\ChromeDriver\chromedriver.exe, but it doesn't exist!
Build info: version: '4.18.1', revision: 'b1d3319b48'
System info: os.name: 'Windows 10', os.arch: 'amd64', os.version: '10.0', java.version: '17.0.10'
Driver info: io.appium.java_client.android.AndroidDriver
Command: [7a4a5a2c-cf89-4a11-bbda-f9dec3387b8c, switchToContext {name=WEBVIEW_com.androidsample.generalstore}]
Capabilities {appium:app: C:\Users\Haneef-ullah\eclip..., appium:appPackage: com.androidsample.generalstore, appium:automationName: UIAutomator2, appium:chromedriverExecutable: ‪C:\Users\Haneef-ullah\ecli..., appium:databaseEnabled: false, appium:desired: {app: C:\Users\Haneef-ullah\eclip..., automationName: UIAutomator2, chromedriverExecutable: ‪C:\Users\Haneef-ullah\ecli..., deviceName: emulator-5554, platformName: ANDROID}, appium:deviceApiLevel: 25, appium:deviceManufacturer: OPPO, appium:deviceModel: CPH2023, appium:deviceName: , appium:deviceScreenDensity: 240, appium:deviceScreenSize: 1600x900, appium:deviceUDID: emulator-5554, appium:javascriptEnabled: true, appium:locationContextEnabled: false, appium:networkConnectionEnabled: true, appium:pixelRatio: 1.5, appium:platformVersion: 7.1.2, appium:statBarHeight: 36, appium:takesScreenshot: true, appium:viewportRect: {height: 864, left: 0, top: 36, width: 1600}, appium:warnings: {}, appium:webStorageEnabled: false, platformName: ANDROID}
Session ID: 7a4a5a2c-cf89-4a11-bbda-f9dec3387b8c
at org.openqa.selenium.remote.ErrorCodec.decode(ErrorCodec.java:167)
at org.openqa.selenium.remote.codec.w3c.W3CHttpResponseCodec.decode(W3CHttpResponseCodec.java:138)
at org.openqa.selenium.remote.codec.w3c.W3CHttpResponseCodec.decode(W3CHttpResponseCodec.java:50)
at org.openqa.selenium.remote.HttpCommandExecutor.execute(HttpCommandExecutor.java:190)
at io.appium.java_client.remote.AppiumCommandExecutor.execute(AppiumCommandExecutor.java:237)
at org.openqa.selenium.remote.RemoteWebDriver.execute(RemoteWebDriver.java:519)
at org.openqa.selenium.remote.RemoteWebDriver.execute(RemoteWebDriver.java:592)
at io.appium.java_client.AppiumDriver.execute(AppiumDriver.java:302)
at io.appium.java_client.remote.SupportsContextSwitching.context(SupportsContextSwitching.java:45)
... 29 more
... Removed 32 stack frames]]>
    </failure>
  </testcase> <!-- tc1 -->
</testsuite> <!-- TC_4_handle_HybridApplication -->
